<?xml version="1.0" encoding="UTF-8"?>
<testng-results ignored="0" total="1" passed="1" failed="0" skipped="0">
  <reporter-output>
  </reporter-output>
  <suite started-at="2022-07-03T16:40:14 IST" name="Default suite" finished-at="2022-07-03T16:40:21 IST" duration-ms="7123">
    <groups>
    </groups>
    <test started-at="2022-07-03T16:40:14 IST" name="Default test" finished-at="2022-07-03T16:40:21 IST" duration-ms="7123">
      <class name="com.naukri.testcase.SearchTestEngineer">
        <test-method is-config="true" signature="launchBrowser()[pri:0, instance:com.naukri.testcase.SearchTestEngineer@6392827e]" started-at="2022-07-03T16:40:14 IST" name="launchBrowser" finished-at="2022-07-03T16:40:15 IST" duration-ms="1210" status="PASS">
          <reporter-output>
          </reporter-output>
        </test-method> <!-- launchBrowser -->
        <test-method signature="searchDotNet()[pri:0, instance:com.naukri.testcase.SearchTestEngineer@6392827e]" started-at="2022-07-03T16:40:15 IST" name="searchDotNet" finished-at="2022-07-03T16:40:21 IST" duration-ms="5709" status="PASS">
          <reporter-output>
          </reporter-output>
        </test-method> <!-- searchDotNet -->
        <test-method is-config="true" signature="tearDown()[pri:0, instance:com.naukri.testcase.SearchTestEngineer@6392827e]" started-at="2022-07-03T16:40:21 IST" name="tearDown" finished-at="2022-07-03T16:40:21 IST" duration-ms="173" status="PASS">
          <reporter-output>
          </reporter-output>
        </test-method> <!-- tearDown -->
      </class> <!-- com.naukri.testcase.SearchTestEngineer -->
    </test> <!-- Default test -->
  </suite> <!-- Default suite -->
</testng-results>
